1.array_test1:
分支预测正确率: 50%
周期: 269
2.array_test2:
分支预测正确率: 46%
周期: 319
3.basicopt1:
分支预测正确率: 82%
周期: 644836
4.bulgarian:
分支预测正确率: 94%
周期: 625637
5.expr:
分支预测正确率: 82%
周期: 579
6.gcd:
分支预测正确率: 67%
周期: 566
7.hanoi:
分支预测正确率: 61%
周期: 345621
8.lvalue2:
分支预测正确率: 66%
周期: 60
9.magic:
分支预测正确率: 78%
周期: 930199
10.manyarguments:
分支预测正确率: 80%
周期: 70
11.multiarray:
分支预测正确率: 79%
周期: 2512
12.naive:
No BranchPrediction
周期: 36
13.qsort:
分支预测正确率: 87%
周期: 2244194
14.queens:
分支预测正确率: 73%
周期: 1025666
15.statement_test:
分支预测正确率: 64%
周期: 1362
16.superloop:
分支预测正确率: 93%
周期: 538810
17.tak:
分支预测正确率: 73%
周期: 2926325
